22:00:06 **** Incremental Build of configuration Debug for project stm32_i2c_setup ****
make -j4 all 
arm-none-eabi-gcc "../Core/Src/main.c" -mcpu=cortex-m4 -std=gnu11 -g3 -DDEBUG -DUSE_HAL_DRIVER -DSTM32F401xE -c -I../Core/Inc -I../Drivers/STM32F4xx_HAL_Driver/Inc -I../Drivers/STM32F4xx_HAL_Driver/Inc/Legacy -I../Drivers/CMSIS/Device/ST/STM32F4xx/Include -I../Drivers/CMSIS/Include -O0 -ffunction-sections -fdata-sections -Wall -fstack-usage -MMD -MP -MF"Core/Src/main.d" -MT"Core/Src/main.o" --specs=nano.specs -mfpu=fpv4-sp-d16 -mfloat-abi=hard -mthumb -o "Core/Src/main.o"
arm-none-eabi-gcc -o "stm32_i2c_setup.elf" @"objects.list"   -mcpu=cortex-m4 -T"/home/nihal/Desktop/Projects/pattern-matcher/i2c_setup/stm32_i2c_setup/STM32F401RETX_FLASH.ld" --specs=nosys.specs -Wl,-Map="stm32_i2c_setup.map" -Wl,--gc-sections -static --specs=nano.specs -mfpu=fpv4-sp-d16 -mfloat-abi=hard -mthumb -Wl,--start-group -lc -lm -Wl,--end-group
Finished building target: stm32_i2c_setup.elf
 
arm-none-eabi-size   stm32_i2c_setup.elf 
arm-none-eabi-objdump -h -S  stm32_i2c_setup.elf  > "stm32_i2c_setup.list"
   text	   data	    bss	    dec	    hex	filename
  10796	     20	   1780	  12596	   3134	stm32_i2c_setup.elf
Finished building: default.size.stdout
 
Finished building: stm32_i2c_setup.list
 
22:00:16 **** Incremental Build of configuration Debug for project stm32_i2c_setup ****
make -j4 all 
arm-none-eabi-size   stm32_i2c_setup.elf 
   text	   data	    bss	    dec	    hex	filename
  10796	     20	   1780	  12596	   3134	stm32_i2c_setup.elf
Finished building: default.size.stdout
 
22:05:47 **** Incremental Build of configuration Debug for project stm32_i2c_setup ****
make -j4 all 
arm-none-eabi-gcc "../Core/Src/main.c" -mcpu=cortex-m4 -std=gnu11 -g3 -DDEBUG -DUSE_HAL_DRIVER -DSTM32F401xE -c -I../Core/Inc -I../Drivers/STM32F4xx_HAL_Driver/Inc -I../Drivers/STM32F4xx_HAL_Driver/Inc/Legacy -I../Drivers/CMSIS/Device/ST/STM32F4xx/Include -I../Drivers/CMSIS/Include -O0 -ffunction-sections -fdata-sections -Wall -fstack-usage -MMD -MP -MF"Core/Src/main.d" -MT"Core/Src/main.o" --specs=nano.specs -mfpu=fpv4-sp-d16 -mfloat-abi=hard -mthumb -o "Core/Src/main.o"
../Core/Src/main.c: In function 'main':
../Core/Src/main.c:28:82: warning: passing argument 3 of 'HAL_I2C_Master_Receive' makes pointer from integer without a cast [-Wint-conversion]
   28 |    while( HAL_I2C_Master_Receive(&hi2c1, ARDUINO_PRO_MICRO_I2C_RECEIVE_ADDRESS , ArduinoProMicroI2CData, 50, 100) != HAL_OK )
      |                                                                                  ^~~~~~~~~~~~~~~~~~~~~~
      |                                                                                  |
      |                                                                                  unsigned char
In file included from ../Core/Inc/stm32f4xx_hal_conf.h:359,
                 from ../Drivers/STM32F4xx_HAL_Driver/Inc/stm32f4xx_hal.h:29,
                 from ../Core/Inc/main.h:30,
                 from ../Core/Src/main.c:1:
../Drivers/STM32F4xx_HAL_Driver/Inc/stm32f4xx_hal_i2c.h:567:97: note: expected 'uint8_t *' {aka 'unsigned char *'} but argument is of type 'unsigned char'
  567 | HAL_StatusTypeDef HAL_I2C_Master_Receive(I2C_HandleTypeDef *hi2c, uint16_t DevAddress, uint8_t *pData, uint16_t Size, uint32_t Timeout);
      |                                                                                        ~~~~~~~~~^~~~~
../Core/Src/main.c:30:82: warning: passing argument 3 of 'HAL_I2C_Master_Receive' makes pointer from integer without a cast [-Wint-conversion]
   30 |     var = HAL_I2C_Master_Receive(&hi2c1, ARDUINO_PRO_MICRO_I2C_RECEIVE_ADDRESS , ArduinoProMicroI2CData, 50, 100);
      |                                                                                  ^~~~~~~~~~~~~~~~~~~~~~
      |                                                                                  |
      |                                                                                  unsigned char
In file included from ../Core/Inc/stm32f4xx_hal_conf.h:359,
                 from ../Drivers/STM32F4xx_HAL_Driver/Inc/stm32f4xx_hal.h:29,
                 from ../Core/Inc/main.h:30,
                 from ../Core/Src/main.c:1:
../Drivers/STM32F4xx_HAL_Driver/Inc/stm32f4xx_hal_i2c.h:567:97: note: expected 'uint8_t *' {aka 'unsigned char *'} but argument is of type 'unsigned char'
  567 | HAL_StatusTypeDef HAL_I2C_Master_Receive(I2C_HandleTypeDef *hi2c, uint16_t DevAddress, uint8_t *pData, uint16_t Size, uint32_t Timeout);
      |                                                                                        ~~~~~~~~~^~~~~
arm-none-eabi-gcc -o "stm32_i2c_setup.elf" @"objects.list"   -mcpu=cortex-m4 -T"/home/nihal/Desktop/Projects/pattern-matcher/i2c_setup/stm32_i2c_setup/STM32F401RETX_FLASH.ld" --specs=nosys.specs -Wl,-Map="stm32_i2c_setup.map" -Wl,--gc-sections -static --specs=nano.specs -mfpu=fpv4-sp-d16 -mfloat-abi=hard -mthumb -Wl,--start-group -lc -lm -Wl,--end-group
Finished building target: stm32_i2c_setup.elf
 
arm-none-eabi-size   stm32_i2c_setup.elf 
arm-none-eabi-objdump -h -S  stm32_i2c_setup.elf  > "stm32_i2c_setup.list"
   text	   data	    bss	    dec	    hex	filename
  10804	     20	   1732	  12556	   310c	stm32_i2c_setup.elf
Finished building: default.size.stdout
 
Finished building: stm32_i2c_setup.list
 
22:07:20 **** Incremental Build of configuration Debug for project stm32_i2c_setup ****
make -j4 all 
arm-none-eabi-gcc "../Core/Src/main.c" -mcpu=cortex-m4 -std=gnu11 -g3 -DDEBUG -DUSE_HAL_DRIVER -DSTM32F401xE -c -I../Core/Inc -I../Drivers/STM32F4xx_HAL_Driver/Inc -I../Drivers/STM32F4xx_HAL_Driver/Inc/Legacy -I../Drivers/CMSIS/Device/ST/STM32F4xx/Include -I../Drivers/CMSIS/Include -O0 -ffunction-sections -fdata-sections -Wall -fstack-usage -MMD -MP -MF"Core/Src/main.d" -MT"Core/Src/main.o" --specs=nano.specs -mfpu=fpv4-sp-d16 -mfloat-abi=hard -mthumb -o "Core/Src/main.o"
arm-none-eabi-gcc -o "stm32_i2c_setup.elf" @"objects.list"   -mcpu=cortex-m4 -T"/home/nihal/Desktop/Projects/pattern-matcher/i2c_setup/stm32_i2c_setup/STM32F401RETX_FLASH.ld" --specs=nosys.specs -Wl,-Map="stm32_i2c_setup.map" -Wl,--gc-sections -static --specs=nano.specs -mfpu=fpv4-sp-d16 -mfloat-abi=hard -mthumb -Wl,--start-group -lc -lm -Wl,--end-group
Finished building target: stm32_i2c_setup.elf
 
arm-none-eabi-size   stm32_i2c_setup.elf 
arm-none-eabi-objdump -h -S  stm32_i2c_setup.elf  > "stm32_i2c_setup.list"
   text	   data	    bss	    dec	    hex	filename
  10796	     20	   1780	  12596	   3134	stm32_i2c_setup.elf
Finished building: default.size.stdout
 
Finished building: stm32_i2c_setup.list
 
